app/build/intermediates/manifest_merge_blame_file/release/manifest-merger-blame-release-report.txt
1<?xml version="1.0" encoding="utf-8"?>
2<manifest xmlns:android="http://schemas.android.com/apk/res/android"
3    package="com.lockscreen_video_recorder_uhudSoft"
4    android:versionCode="14"
5    android:versionName="1.2.2" >
6
7    <uses-sdk
8        android:minSdkVersion="26"
8-->src\main\AndroidManifest.xml
9        android:targetSdkVersion="33" />
9-->src\main\AndroidManifest.xml
10
11    <uses-permission android:name="android.permission.READ_MEDIA_IMAGES" />
11-->src\main\AndroidManifest.xml:7:5-76
11-->src\main\AndroidManifest.xml:7:22-73
12    <uses-permission android:name="android.permission.READ_MEDIA_VIDEO" />
12-->src\main\AndroidManifest.xml:8:5-75
12-->src\main\AndroidManifest.xml:8:22-72
13    <uses-permission android:name="android.permission.READ_MEDIA_AUDIO" />
13-->src\main\AndroidManifest.xml:9:5-75
13-->src\main\AndroidManifest.xml:9:22-72
14    <uses-permission android:name="android.permission.ACCESS_WIFI_STATE" />
14-->src\main\AndroidManifest.xml:10:5-76
14-->src\main\AndroidManifest.xml:10:22-73
15    <uses-permission android:name="android.permission.ACCESS_NETWORK_STATE" />
15-->src\main\AndroidManifest.xml:11:5-79
15-->src\main\AndroidManifest.xml:11:22-76
16    <uses-permission android:name="android.permission.WRITE_EXTERNAL_STORAGE" />
16-->src\main\AndroidManifest.xml:12:5-14:40
16-->src\main\AndroidManifest.xml:13:9-65
17    <uses-permission android:name="com.google.android.gms.permission.AD_ID" />
17-->src\main\AndroidManifest.xml:15:5-79
17-->src\main\AndroidManifest.xml:15:22-76
18    <uses-permission android:name="android.permission.CAMERA" />
18-->src\main\AndroidManifest.xml:16:5-65
18-->src\main\AndroidManifest.xml:16:22-62
19    <uses-permission android:name="android.permission.SYSTEM_ALERT_WINDOW" />
19-->src\main\AndroidManifest.xml:17:5-78
19-->src\main\AndroidManifest.xml:17:22-75
20    <uses-permission android:name="android.permission.RECORD_VIDEO" />
20-->src\main\AndroidManifest.xml:18:5-71
20-->src\main\AndroidManifest.xml:18:22-68
21    <uses-permission android:name="android.permission.RECORD_AUDIO" />
21-->src\main\AndroidManifest.xml:19:5-71
21-->src\main\AndroidManifest.xml:19:22-68
22    <uses-permission android:name="android.permission.READ_EXTERNAL_STORAGE" />
22-->src\main\AndroidManifest.xml:20:5-80
22-->src\main\AndroidManifest.xml:20:22-77
23    <uses-permission android:name="android.permission.ACCESS_MEDIA_LOCATION" />
23-->src\main\AndroidManifest.xml:21:5-80
23-->src\main\AndroidManifest.xml:21:22-77
24    <uses-permission android:name="android.permission.FOREGROUND_SERVICE" />
24-->src\main\AndroidManifest.xml:22:5-77
24-->src\main\AndroidManifest.xml:22:22-74
25    <uses-permission android:name="android.permission.SCHEDULE_EXACT_ALARM" />
25-->src\main\AndroidManifest.xml:23:5-79
25-->src\main\AndroidManifest.xml:23:22-76
26    <uses-permission android:name="android.permission.INTERNET" />
26-->src\main\AndroidManifest.xml:24:5-67
26-->src\main\AndroidManifest.xml:24:22-64
27    <uses-permission android:name="android.permission.ACCESS_NETWORK_STATE" />
27-->src\main\AndroidManifest.xml:11:5-79
27-->src\main\AndroidManifest.xml:11:22-76
28    <!-- Required only if your app targets Android 13 or higher. -->
29    <uses-permission android:name="com.google.android.gms.permission.AD_ID" />
29-->src\main\AndroidManifest.xml:15:5-79
29-->src\main\AndroidManifest.xml:15:22-76
30
31    <uses-feature
31-->src\main\AndroidManifest.xml:29:5-31:35
32        android:name="android.hardware.camera"
32-->src\main\AndroidManifest.xml:30:9-47
33        android:required="true" />
33-->src\main\AndroidManifest.xml:31:9-32
34
35    <!-- Android package visibility setting -->
36    <queries>
36-->[com.google.android.gms:play-services-ads-lite:22.1.0] AndroidManifest.xml:32:5-48:15
37
38        <!-- For browser content -->
39        <intent>
39-->[com.google.android.gms:play-services-ads-lite:22.1.0] AndroidManifest.xml:35:9-41:18
40            <action android:name="android.intent.action.VIEW" />
40-->[com.google.android.gms:play-services-ads-lite:22.1.0] AndroidManifest.xml:36:13-65
40-->[com.google.android.gms:play-services-ads-lite:22.1.0] AndroidManifest.xml:36:21-62
41
42            <category android:name="android.intent.category.BROWSABLE" />
42-->[com.google.android.gms:play-services-ads-lite:22.1.0] AndroidManifest.xml:38:13-74
42-->[com.google.android.gms:play-services-ads-lite:22.1.0] AndroidManifest.xml:38:23-71
43
44            <data android:scheme="https" />
44-->[com.google.android.gms:play-services-ads-lite:22.1.0] AndroidManifest.xml:40:13-44
44-->[com.google.android.gms:play-services-ads-lite:22.1.0] AndroidManifest.xml:40:19-41
45        </intent>
46        <!-- End of browser content -->
47        <!-- For CustomTabsService -->
48        <intent>
48-->[com.google.android.gms:play-services-ads-lite:22.1.0] AndroidManifest.xml:44:9-46:18
49            <action android:name="android.support.customtabs.action.CustomTabsService" />
49-->[com.google.android.gms:play-services-ads-lite:22.1.0] AndroidManifest.xml:45:13-90
49-->[com.google.android.gms:play-services-ads-lite:22.1.0] AndroidManifest.xml:45:21-87
50        </intent>
51        <!-- End of CustomTabsService -->
52        <package android:name="com.facebook.katana" />
52-->[com.facebook.android:audience-network-sdk:6.14.0] AndroidManifest.xml:12:9-55
52-->[com.facebook.android:audience-network-sdk:6.14.0] AndroidManifest.xml:12:18-52
53    </queries>
54
55    <uses-permission android:name="android.permission.WAKE_LOCK" />
55-->[com.google.android.gms:play-services-measurement-sdk-api:20.1.2] AndroidManifest.xml:25:5-68
55-->[com.google.android.gms:play-services-measurement-sdk-api:20.1.2] AndroidManifest.xml:25:22-65
56
57    <permission
57-->[androidx.core:core:1.9.0] AndroidManifest.xml:22:5-24:47
58        android:name="com.lockscreen_video_recorder_uhudSoft.DYNAMIC_RECEIVER_NOT_EXPORTED_PERMISSION"
58-->[androidx.core:core:1.9.0] AndroidManifest.xml:23:9-81
59        android:protectionLevel="signature" />
59-->[androidx.core:core:1.9.0] AndroidManifest.xml:24:9-44
60
61    <uses-permission android:name="com.lockscreen_video_recorder_uhudSoft.DYNAMIC_RECEIVER_NOT_EXPORTED_PERMISSION" />
61-->[androidx.core:core:1.9.0] AndroidManifest.xml:26:5-97
61-->[androidx.core:core:1.9.0] AndroidManifest.xml:26:22-94
62
63    <application
63-->src\main\AndroidManifest.xml:33:5-96:19
64        android:allowBackup="true"
64-->src\main\AndroidManifest.xml:34:9-35
65        android:appComponentFactory="androidx.core.app.CoreComponentFactory"
65-->[androidx.core:core:1.9.0] AndroidManifest.xml:28:18-86
66        android:extractNativeLibs="false"
67        android:hardwareAccelerated="true"
67-->src\main\AndroidManifest.xml:35:9-43
68        android:icon="@drawable/icon"
68-->src\main\AndroidManifest.xml:36:9-38
69        android:installLocation="preferExternal"
69-->src\main\AndroidManifest.xml:42:9-49
70        android:label="@string/app_name"
70-->src\main\AndroidManifest.xml:37:9-41
71        android:largeHeap="true"
71-->src\main\AndroidManifest.xml:38:9-33
72        android:requestLegacyExternalStorage="true"
72-->src\main\AndroidManifest.xml:39:9-52
73        android:roundIcon="@drawable/round_icon"
73-->src\main\AndroidManifest.xml:40:9-49
74        android:supportsRtl="true"
74-->src\main\AndroidManifest.xml:41:9-35
75        android:theme="@style/Theme.SecretVideoRecorder" >
75-->src\main\AndroidManifest.xml:43:9-57
76        <activity
76-->src\main\AndroidManifest.xml:44:9-46:40
77            android:name="com.lockscreen_video_recorder_uhudSoft.Activities.AlarmPage"
77-->src\main\AndroidManifest.xml:45:13-87
78            android:exported="false" />
78-->src\main\AndroidManifest.xml:46:13-37
79        <activity
79-->src\main\AndroidManifest.xml:47:9-49:40
80            android:name="com.lockscreen_video_recorder_uhudSoft.Activities.VideosFolder"
80-->src\main\AndroidManifest.xml:48:13-90
81            android:exported="false" />
81-->src\main\AndroidManifest.xml:49:13-37
82        <activity
82-->src\main\AndroidManifest.xml:50:9-52:40
83            android:name="com.lockscreen_video_recorder_uhudSoft.Activities.PreviewSize"
83-->src\main\AndroidManifest.xml:51:13-89
84            android:exported="false" />
84-->src\main\AndroidManifest.xml:52:13-37
85        <activity
85-->src\main\AndroidManifest.xml:53:9-55:40
86            android:name="com.lockscreen_video_recorder_uhudSoft.Activities.VideoSettings"
86-->src\main\AndroidManifest.xml:54:13-91
87            android:exported="false" />
87-->src\main\AndroidManifest.xml:55:13-37
88        <activity
88-->src\main\AndroidManifest.xml:56:9-65:20
89            android:name="com.lockscreen_video_recorder_uhudSoft.Activities.SplashScreen"
89-->src\main\AndroidManifest.xml:57:13-90
90            android:exported="true"
90-->src\main\AndroidManifest.xml:58:13-36
91            android:screenOrientation="portrait" >
91-->src\main\AndroidManifest.xml:59:13-49
92            <intent-filter>
92-->src\main\AndroidManifest.xml:60:13-64:29
93                <action android:name="android.intent.action.MAIN" />
93-->src\main\AndroidManifest.xml:61:17-69
93-->src\main\AndroidManifest.xml:61:25-66
94
95                <category android:name="android.intent.category.LAUNCHER" />
95-->src\main\AndroidManifest.xml:63:17-77
95-->src\main\AndroidManifest.xml:63:27-74
96            </intent-filter>
97        </activity>
98        <activity
98-->src\main\AndroidManifest.xml:66:9-69:52
99            android:name="com.lockscreen_video_recorder_uhudSoft.Activities.IntroductionHomeActivity"
99-->src\main\AndroidManifest.xml:67:13-102
100            android:exported="false"
100-->src\main\AndroidManifest.xml:68:13-37
101            android:screenOrientation="portrait" />
101-->src\main\AndroidManifest.xml:69:13-49
102        <activity
102-->src\main\AndroidManifest.xml:70:9-73:52
103            android:name="com.lockscreen_video_recorder_uhudSoft.Activities.PrivacyPolicy"
103-->src\main\AndroidManifest.xml:71:13-91
104            android:exported="false"
104-->src\main\AndroidManifest.xml:72:13-37
105            android:screenOrientation="portrait" />
105-->src\main\AndroidManifest.xml:73:13-49
106        <activity
106-->src\main\AndroidManifest.xml:74:9-78:64
107            android:name="com.lockscreen_video_recorder_uhudSoft.Activities.VideosPlayer"
107-->src\main\AndroidManifest.xml:75:13-90
108            android:exported="false"
108-->src\main\AndroidManifest.xml:76:13-37
109            android:screenOrientation="portrait"
109-->src\main\AndroidManifest.xml:77:13-49
110            android:theme="@style/Theme.SecretVideoRecorder" />
110-->src\main\AndroidManifest.xml:78:13-61
111        <activity
111-->src\main\AndroidManifest.xml:79:9-82:52
112            android:name="com.lockscreen_video_recorder_uhudSoft.MainActivity"
112-->src\main\AndroidManifest.xml:80:13-79
113            android:exported="false"
113-->src\main\AndroidManifest.xml:81:13-37
114            android:screenOrientation="portrait" />
114-->src\main\AndroidManifest.xml:82:13-49
115
116        <service
116-->src\main\AndroidManifest.xml:84:9-87:65
117            android:name="com.lockscreen_video_recorder_uhudSoft.Utils.FloatingWindowServices"
117-->src\main\AndroidManifest.xml:85:13-95
118            android:exported="false"
118-->src\main\AndroidManifest.xml:86:13-37
119            android:foregroundServiceType="camera|microphone" />
119-->src\main\AndroidManifest.xml:87:13-62
120
121        <receiver android:name="com.lockscreen_video_recorder_uhudSoft.Utils.AlarmReceiver" />
121-->src\main\AndroidManifest.xml:89:9-95
121-->src\main\AndroidManifest.xml:89:19-92
122
123        <meta-data
123-->src\main\AndroidManifest.xml:92:9-94:51
124            android:name="com.google.android.gms.ads.APPLICATION_ID"
124-->src\main\AndroidManifest.xml:93:13-69
125            android:value="@string/AdMob_App_ID" />
125-->src\main\AndroidManifest.xml:94:13-49
126
127        <activity
127-->[com.karumi:dexter:6.2.3] AndroidManifest.xml:27:9-29:72
128            android:name="com.karumi.dexter.DexterActivity"
128-->[com.karumi:dexter:6.2.3] AndroidManifest.xml:28:13-60
129            android:theme="@style/Dexter.Internal.Theme.Transparent" />
129-->[com.karumi:dexter:6.2.3] AndroidManifest.xml:29:13-69
130        <activity
130-->[com.google.android.ads:mediation-test-suite:3.0.0] AndroidManifest.xml:10:9-15:70
131            android:name="com.google.android.ads.mediationtestsuite.activities.HomeActivity"
131-->[com.google.android.ads:mediation-test-suite:3.0.0] AndroidManifest.xml:11:13-93
132            android:exported="false"
132-->[com.google.android.ads:mediation-test-suite:3.0.0] AndroidManifest.xml:12:13-37
133            android:label="Mediation Test Suite"
133-->[com.google.android.ads:mediation-test-suite:3.0.0] AndroidManifest.xml:13:13-49
134            android:screenOrientation="portrait"
134-->[com.google.android.ads:mediation-test-suite:3.0.0] AndroidManifest.xml:14:13-49
135            android:theme="@style/gmts_TestSuiteTheme.NoActionBar" />
135-->[com.google.android.ads:mediation-test-suite:3.0.0] AndroidManifest.xml:15:13-67
136        <activity
136-->[com.google.android.ads:mediation-test-suite:3.0.0] AndroidManifest.xml:16:9-21:63
137            android:name="com.google.android.ads.mediationtestsuite.activities.NetworkDetailActivity"
137-->[com.google.android.ads:mediation-test-suite:3.0.0] AndroidManifest.xml:17:13-102
138            android:exported="false"
138-->[com.google.android.ads:mediation-test-suite:3.0.0] AndroidManifest.xml:18:13-37
139            android:screenOrientation="portrait"
139-->[com.google.android.ads:mediation-test-suite:3.0.0] AndroidManifest.xml:19:13-49
140            android:theme="@style/gmts_AppSecondaryTheme"
140-->[com.google.android.ads:mediation-test-suite:3.0.0] AndroidManifest.xml:20:13-58
141            android:windowSoftInputMode="stateAlwaysHidden" />
141-->[com.google.android.ads:mediation-test-suite:3.0.0] AndroidManifest.xml:21:13-60
142        <activity
142-->[com.google.android.ads:mediation-test-suite:3.0.0] AndroidManifest.xml:22:9-27:73
143            android:name="com.google.android.ads.mediationtestsuite.activities.ConfigurationItemDetailActivity"
143-->[com.google.android.ads:mediation-test-suite:3.0.0] AndroidManifest.xml:23:13-112
144            android:exported="false"
144-->[com.google.android.ads:mediation-test-suite:3.0.0] AndroidManifest.xml:24:13-37
145            android:label="@string/gmts_ad_unit_details_title"
145-->[com.google.android.ads:mediation-test-suite:3.0.0] AndroidManifest.xml:25:13-63
146            android:screenOrientation="portrait"
146-->[com.google.android.ads:mediation-test-suite:3.0.0] AndroidManifest.xml:26:13-49
147            android:theme="@style/gmts_AppSecondaryTheme.NoActionBar" />
147-->[com.google.android.ads:mediation-test-suite:3.0.0] AndroidManifest.xml:27:13-70
148        <activity
148-->[com.google.android.ads:mediation-test-suite:3.0.0] AndroidManifest.xml:28:9-32:73
149            android:name="com.google.android.ads.mediationtestsuite.activities.ConfigurationItemsSearchActivity"
149-->[com.google.android.ads:mediation-test-suite:3.0.0] AndroidManifest.xml:29:13-113
150            android:exported="false"
150-->[com.google.android.ads:mediation-test-suite:3.0.0] AndroidManifest.xml:30:13-37
151            android:screenOrientation="portrait"
151-->[com.google.android.ads:mediation-test-suite:3.0.0] AndroidManifest.xml:31:13-49
152            android:theme="@style/gmts_AppSecondaryTheme.NoActionBar" /> <!-- Include the AdActivity and InAppPurchaseActivity configChanges and themes. -->
152-->[com.google.android.ads:mediation-test-suite:3.0.0] AndroidManifest.xml:32:13-70
153        <activity
153-->[com.google.android.gms:play-services-ads-lite:22.1.0] AndroidManifest.xml:53:9-58:43
154            android:name="com.google.android.gms.ads.AdActivity"
154-->[com.google.android.gms:play-services-ads-lite:22.1.0] AndroidManifest.xml:54:13-65
155            android:configChanges="keyboard|keyboardHidden|orientation|screenLayout|uiMode|screenSize|smallestScreenSize"
155-->[com.google.android.gms:play-services-ads-lite:22.1.0] AndroidManifest.xml:55:13-122
156            android:exported="false"
156-->[com.google.android.gms:play-services-ads-lite:22.1.0] AndroidManifest.xml:56:13-37
157            android:theme="@android:style/Theme.Translucent" />
157-->[com.google.android.gms:play-services-ads-lite:22.1.0] AndroidManifest.xml:57:13-61
158
159        <provider
159-->[com.google.android.gms:play-services-ads-lite:22.1.0] AndroidManifest.xml:60:9-65:43
160            android:name="com.google.android.gms.ads.MobileAdsInitProvider"
160-->[com.google.android.gms:play-services-ads-lite:22.1.0] AndroidManifest.xml:61:13-76
161            android:authorities="com.lockscreen_video_recorder_uhudSoft.mobileadsinitprovider"
161-->[com.google.android.gms:play-services-ads-lite:22.1.0] AndroidManifest.xml:62:13-73
162            android:exported="false"
162-->[com.google.android.gms:play-services-ads-lite:22.1.0] AndroidManifest.xml:63:13-37
163            android:initOrder="100" />
163-->[com.google.android.gms:play-services-ads-lite:22.1.0] AndroidManifest.xml:64:13-36
164
165        <service
165-->[com.google.android.gms:play-services-ads-lite:22.1.0] AndroidManifest.xml:67:9-71:43
166            android:name="com.google.android.gms.ads.AdService"
166-->[com.google.android.gms:play-services-ads-lite:22.1.0] AndroidManifest.xml:68:13-64
167            android:enabled="true"
167-->[com.google.android.gms:play-services-ads-lite:22.1.0] AndroidManifest.xml:69:13-35
168            android:exported="false" />
168-->[com.google.android.gms:play-services-ads-lite:22.1.0] AndroidManifest.xml:70:13-37
169
170        <activity
170-->[com.google.android.gms:play-services-ads-lite:22.1.0] AndroidManifest.xml:73:9-77:43
171            android:name="com.google.android.gms.ads.OutOfContextTestingActivity"
171-->[com.google.android.gms:play-services-ads-lite:22.1.0] AndroidManifest.xml:74:13-82
172            android:configChanges="keyboard|keyboardHidden|orientation|screenLayout|uiMode|screenSize|smallestScreenSize"
172-->[com.google.android.gms:play-services-ads-lite:22.1.0] AndroidManifest.xml:75:13-122
173            android:exported="false" />
173-->[com.google.android.gms:play-services-ads-lite:22.1.0] AndroidManifest.xml:76:13-37
174        <activity
174-->[com.google.android.gms:play-services-base:18.0.0] AndroidManifest.xml:20:9-22:45
175            android:name="com.google.android.gms.common.api.GoogleApiActivity"
175-->[com.google.android.gms:play-services-base:18.0.0] AndroidManifest.xml:20:19-85
176            android:exported="false"
176-->[com.google.android.gms:play-services-base:18.0.0] AndroidManifest.xml:22:19-43
177            android:theme="@android:style/Theme.Translucent.NoTitleBar" />
177-->[com.google.android.gms:play-services-base:18.0.0] AndroidManifest.xml:21:19-78
178        <activity
178-->[com.facebook.android:audience-network-sdk:6.14.0] AndroidManifest.xml:20:9-24:75
179            android:name="com.facebook.ads.AudienceNetworkActivity"
179-->[com.facebook.android:audience-network-sdk:6.14.0] AndroidManifest.xml:21:13-68
180            android:configChanges="keyboardHidden|orientation|screenSize"
180-->[com.facebook.android:audience-network-sdk:6.14.0] AndroidManifest.xml:22:13-74
181            android:exported="false"
181-->[com.facebook.android:audience-network-sdk:6.14.0] AndroidManifest.xml:23:13-37
182            android:theme="@android:style/Theme.Translucent.NoTitleBar" />
182-->[com.facebook.android:audience-network-sdk:6.14.0] AndroidManifest.xml:24:13-72
183
184        <provider
184-->[com.facebook.android:audience-network-sdk:6.14.0] AndroidManifest.xml:26:9-29:40
185            android:name="com.facebook.ads.AudienceNetworkContentProvider"
185-->[com.facebook.android:audience-network-sdk:6.14.0] AndroidManifest.xml:27:13-75
186            android:authorities="com.lockscreen_video_recorder_uhudSoft.AudienceNetworkContentProvider"
186-->[com.facebook.android:audience-network-sdk:6.14.0] AndroidManifest.xml:28:13-82
187            android:exported="false" />
187-->[com.facebook.android:audience-network-sdk:6.14.0] AndroidManifest.xml:29:13-37
188
189        <meta-data
189-->[com.google.android.gms:play-services-basement:18.0.0] AndroidManifest.xml:21:9-23:69
190            android:name="com.google.android.gms.version"
190-->[com.google.android.gms:play-services-basement:18.0.0] AndroidManifest.xml:22:13-58
191            android:value="@integer/google_play_services_version" />
191-->[com.google.android.gms:play-services-basement:18.0.0] AndroidManifest.xml:23:13-66
192
193        <uses-library
193-->[androidx.window:window:1.0.0] AndroidManifest.xml:25:9-27:40
194            android:name="androidx.window.extensions"
194-->[androidx.window:window:1.0.0] AndroidManifest.xml:26:13-54
195            android:required="false" />
195-->[androidx.window:window:1.0.0] AndroidManifest.xml:27:13-37
196        <uses-library
196-->[androidx.window:window:1.0.0] AndroidManifest.xml:28:9-30:40
197            android:name="androidx.window.sidecar"
197-->[androidx.window:window:1.0.0] AndroidManifest.xml:29:13-51
198            android:required="false" />
198-->[androidx.window:window:1.0.0] AndroidManifest.xml:30:13-37
199
200        <provider
200-->[androidx.emoji2:emoji2:1.2.0] AndroidManifest.xml:24:9-32:20
201            android:name="androidx.startup.InitializationProvider"
201-->[androidx.emoji2:emoji2:1.2.0] AndroidManifest.xml:25:13-67
202            android:authorities="com.lockscreen_video_recorder_uhudSoft.androidx-startup"
202-->[androidx.emoji2:emoji2:1.2.0] AndroidManifest.xml:26:13-68
203            android:exported="false" >
203-->[androidx.emoji2:emoji2:1.2.0] AndroidManifest.xml:27:13-37
204            <meta-data
204-->[androidx.emoji2:emoji2:1.2.0] AndroidManifest.xml:29:13-31:52
205                android:name="androidx.emoji2.text.EmojiCompatInitializer"
205-->[androidx.emoji2:emoji2:1.2.0] AndroidManifest.xml:30:17-75
206                android:value="androidx.startup" />
206-->[androidx.emoji2:emoji2:1.2.0] AndroidManifest.xml:31:17-49
207            <meta-data
207-->[androidx.work:work-runtime:2.7.0] AndroidManifest.xml:36:13-38:52
208                android:name="androidx.work.WorkManagerInitializer"
208-->[androidx.work:work-runtime:2.7.0] AndroidManifest.xml:37:17-68
209                android:value="androidx.startup" />
209-->[androidx.work:work-runtime:2.7.0] AndroidManifest.xml:38:17-49
210            <meta-data
210-->[androidx.lifecycle:lifecycle-process:2.4.1] AndroidManifest.xml:31:13-33:52
211                android:name="androidx.lifecycle.ProcessLifecycleInitializer"
211-->[androidx.lifecycle:lifecycle-process:2.4.1] AndroidManifest.xml:32:17-78
212                android:value="androidx.startup" />
212-->[androidx.lifecycle:lifecycle-process:2.4.1] AndroidManifest.xml:33:17-49
213        </provider>
214
215        <service
215-->[androidx.work:work-runtime:2.7.0] AndroidManifest.xml:41:9-46:35
216            android:name="androidx.work.impl.background.systemalarm.SystemAlarmService"
216-->[androidx.work:work-runtime:2.7.0] AndroidManifest.xml:42:13-88
217            android:directBootAware="false"
217-->[androidx.work:work-runtime:2.7.0] AndroidManifest.xml:43:13-44
218            android:enabled="@bool/enable_system_alarm_service_default"
218-->[androidx.work:work-runtime:2.7.0] AndroidManifest.xml:44:13-72
219            android:exported="false" />
219-->[androidx.work:work-runtime:2.7.0] AndroidManifest.xml:45:13-37
220        <service
220-->[androidx.work:work-runtime:2.7.0] AndroidManifest.xml:47:9-53:35
221            android:name="androidx.work.impl.background.systemjob.SystemJobService"
221-->[androidx.work:work-runtime:2.7.0] AndroidManifest.xml:48:13-84
222            android:directBootAware="false"
222-->[androidx.work:work-runtime:2.7.0] AndroidManifest.xml:49:13-44
223            android:enabled="@bool/enable_system_job_service_default"
223-->[androidx.work:work-runtime:2.7.0] AndroidManifest.xml:50:13-70
224            android:exported="true"
224-->[androidx.work:work-runtime:2.7.0] AndroidManifest.xml:51:13-36
225            android:permission="android.permission.BIND_JOB_SERVICE" />
225-->[androidx.work:work-runtime:2.7.0] AndroidManifest.xml:52:13-69
226        <service
226-->[androidx.work:work-runtime:2.7.0] AndroidManifest.xml:54:9-59:35
227            android:name="androidx.work.impl.foreground.SystemForegroundService"
227-->[androidx.work:work-runtime:2.7.0] AndroidManifest.xml:55:13-81
228            android:directBootAware="false"
228-->[androidx.work:work-runtime:2.7.0] AndroidManifest.xml:56:13-44
229            android:enabled="@bool/enable_system_foreground_service_default"
229-->[androidx.work:work-runtime:2.7.0] AndroidManifest.xml:57:13-77
230            android:exported="false" />
230-->[androidx.work:work-runtime:2.7.0] AndroidManifest.xml:58:13-37
231
232        <receiver
232-->[androidx.work:work-runtime:2.7.0] AndroidManifest.xml:61:9-66:35
233            android:name="androidx.work.impl.utils.ForceStopRunnable$BroadcastReceiver"
233-->[androidx.work:work-runtime:2.7.0] AndroidManifest.xml:62:13-88
234            android:directBootAware="false"
234-->[androidx.work:work-runtime:2.7.0] AndroidManifest.xml:63:13-44
235            android:enabled="true"
235-->[androidx.work:work-runtime:2.7.0] AndroidManifest.xml:64:13-35
236            android:exported="false" />
236-->[androidx.work:work-runtime:2.7.0] AndroidManifest.xml:65:13-37
237        <receiver
237-->[androidx.work:work-runtime:2.7.0] AndroidManifest.xml:67:9-77:20
238            android:name="androidx.work.impl.background.systemalarm.ConstraintProxy$BatteryChargingProxy"
238-->[androidx.work:work-runtime:2.7.0] AndroidManifest.xml:68:13-106
239            android:directBootAware="false"
239-->[androidx.work:work-runtime:2.7.0] AndroidManifest.xml:69:13-44
240            android:enabled="false"
240-->[androidx.work:work-runtime:2.7.0] AndroidManifest.xml:70:13-36
241            android:exported="false" >
241-->[androidx.work:work-runtime:2.7.0] AndroidManifest.xml:71:13-37
242            <intent-filter>
242-->[androidx.work:work-runtime:2.7.0] AndroidManifest.xml:73:13-76:29
243                <action android:name="android.intent.action.ACTION_POWER_CONNECTED" />
243-->[androidx.work:work-runtime:2.7.0] AndroidManifest.xml:74:17-87
243-->[androidx.work:work-runtime:2.7.0] AndroidManifest.xml:74:25-84
244                <action android:name="android.intent.action.ACTION_POWER_DISCONNECTED" />
244-->[androidx.work:work-runtime:2.7.0] AndroidManifest.xml:75:17-90
244-->[androidx.work:work-runtime:2.7.0] AndroidManifest.xml:75:25-87
245            </intent-filter>
246        </receiver>
247        <receiver
247-->[androidx.work:work-runtime:2.7.0] AndroidManifest.xml:78:9-88:20
248            android:name="androidx.work.impl.background.systemalarm.ConstraintProxy$BatteryNotLowProxy"
248-->[androidx.work:work-runtime:2.7.0] AndroidManifest.xml:79:13-104
249            android:directBootAware="false"
249-->[androidx.work:work-runtime:2.7.0] AndroidManifest.xml:80:13-44
250            android:enabled="false"
250-->[androidx.work:work-runtime:2.7.0] AndroidManifest.xml:81:13-36
251            android:exported="false" >
251-->[androidx.work:work-runtime:2.7.0] AndroidManifest.xml:82:13-37
252            <intent-filter>
252-->[androidx.work:work-runtime:2.7.0] AndroidManifest.xml:84:13-87:29
253                <action android:name="android.intent.action.BATTERY_OKAY" />
253-->[androidx.work:work-runtime:2.7.0] AndroidManifest.xml:85:17-77
253-->[androidx.work:work-runtime:2.7.0] AndroidManifest.xml:85:25-74
254                <action android:name="android.intent.action.BATTERY_LOW" />
254-->[androidx.work:work-runtime:2.7.0] AndroidManifest.xml:86:17-76
254-->[androidx.work:work-runtime:2.7.0] AndroidManifest.xml:86:25-73
255            </intent-filter>
256        </receiver>
257        <receiver
257-->[androidx.work:work-runtime:2.7.0] AndroidManifest.xml:89:9-99:20
258            android:name="androidx.work.impl.background.systemalarm.ConstraintProxy$StorageNotLowProxy"
258-->[androidx.work:work-runtime:2.7.0] AndroidManifest.xml:90:13-104
259            android:directBootAware="false"
259-->[androidx.work:work-runtime:2.7.0] AndroidManifest.xml:91:13-44
260            android:enabled="false"
260-->[androidx.work:work-runtime:2.7.0] AndroidManifest.xml:92:13-36
261            android:exported="false" >
261-->[androidx.work:work-runtime:2.7.0] AndroidManifest.xml:93:13-37
262            <intent-filter>
262-->[androidx.work:work-runtime:2.7.0] AndroidManifest.xml:95:13-98:29
263                <action android:name="android.intent.action.DEVICE_STORAGE_LOW" />
263-->[androidx.work:work-runtime:2.7.0] AndroidManifest.xml:96:17-83
263-->[androidx.work:work-runtime:2.7.0] AndroidManifest.xml:96:25-80
264                <action android:name="android.intent.action.DEVICE_STORAGE_OK" />
264-->[androidx.work:work-runtime:2.7.0] AndroidManifest.xml:97:17-82
264-->[androidx.work:work-runtime:2.7.0] AndroidManifest.xml:97:25-79
265            </intent-filter>
266        </receiver>
267        <receiver
267-->[androidx.work:work-runtime:2.7.0] AndroidManifest.xml:100:9-109:20
268            android:name="androidx.work.impl.background.systemalarm.ConstraintProxy$NetworkStateProxy"
268-->[androidx.work:work-runtime:2.7.0] AndroidManifest.xml:101:13-103
269            android:directBootAware="false"
269-->[androidx.work:work-runtime:2.7.0] AndroidManifest.xml:102:13-44
270            android:enabled="false"
270-->[androidx.work:work-runtime:2.7.0] AndroidManifest.xml:103:13-36
271            android:exported="false" >
271-->[androidx.work:work-runtime:2.7.0] AndroidManifest.xml:104:13-37
272            <intent-filter>